<?xml version="1.0" encoding="UTF-8"?>
<!-- Generated by org.testng.reporters.JUnitReportReporter -->
<testsuite hostname="DESKTOP-N61B0N0" failures="0" tests="1" name="SCMflex.To_check_add_retailers_page_is_displayedTest" time="4.059" errors="0" timestamp="2023-11-29T09:48:45 IST" skipped="0">
  <testcase classname="SCMflex.To_check_add_retailers_page_is_displayedTest" name="To_check_add_retailers_page_is_displayed" time="4.059"/>
  <system-out>
    <![CDATA[To_check_add_retailers_page_is_displayed----Testscript execution starts from here-----
To_check_add_retailers_page_is_displayed---test script executed successfully-----]]>
  </system-out>
</testsuite> <!-- SCMflex.To_check_add_retailers_page_is_displayedTest -->
