<?xml version="1.0" encoding="UTF-8"?>
<!-- Generated by org.testng.reporters.JUnitReportReporter -->
<testsuite hostname="DESKTOP-N61B0N0" failures="0" tests="1" name="SCMflex.Scearchorders_WithDifferent_selecting_Optionof_Dropdown_test" time="22.280" errors="0" timestamp="2023-11-30T13:25:56 IST" skipped="0">
  <testcase classname="SCMflex.Scearchorders_WithDifferent_selecting_Optionof_Dropdown_test" name="Scearchorders_WithDifferent_selecting_Optionof_Dropdown_" time="22.280"/>
  <system-out/>
</testsuite> <!-- SCMflex.Scearchorders_WithDifferent_selecting_Optionof_Dropdown_test -->
