<?xml version="1.0" encoding="UTF-8"?>
<!-- Generated by org.testng.reporters.JUnitReportReporter -->
<testsuite hostname="DESKTOP-N61B0N0" failures="0" tests="1" name="SCMflex.Manufracturer_shouldbeableto_EdittheProduct_test" time="19.379" errors="0" timestamp="2023-11-29T13:36:04 IST" skipped="0">
  <testcase classname="SCMflex.Manufracturer_shouldbeableto_EdittheProduct_test" name="Manufracturer_shouldbeableto_EdittheProduct" time="19.379"/>
  <system-out/>
</testsuite> <!-- SCMflex.Manufracturer_shouldbeableto_EdittheProduct_test -->
