<?xml version="1.0" encoding="UTF-8"?>
<!-- Generated by org.testng.reporters.JUnitReportReporter -->
<testsuite hostname="DESKTOP-N61B0N0" failures="0" tests="1" name="SCMflex.Manufacturer_should_be_able_to_update_stock_and_Admin_can_see_Update_Stock" time="16.937" errors="0" timestamp="2023-11-29T09:48:45 IST" skipped="0">
  <testcase classname="SCMflex.Manufacturer_should_be_able_to_update_stock_and_Admin_can_see_Update_Stock" name="Manufacturer_should_be_able_to_update_stock" time="16.937"/>
  <system-out>
    <![CDATA[Manufacturer_should_be_able_to_update_stock----Testscript execution starts from here-----
Manufacturer_should_be_able_to_update_stock---test script executed successfully-----]]>
  </system-out>
</testsuite> <!-- SCMflex.Manufacturer_should_be_able_to_update_stock_and_Admin_can_see_Update_Stock -->
