<?xml version="1.0" encoding="UTF-8"?>
<!-- Generated by org.testng.reporters.JUnitReportReporter -->
<testsuite hostname="DESKTOP-N61B0N0" failures="0" tests="1" name="SCMflex.CreatingAndDeletingRetailer_Test" time="6.538" errors="0" timestamp="2023-11-29T09:48:45 IST" skipped="0">
  <testcase classname="SCMflex.CreatingAndDeletingRetailer_Test" name="CreatingAndDeletingRetailer_" time="6.538"/>
  <system-out>
    <![CDATA[CreatingAndDeletingRetailer_----Testscript execution starts from here-----
CreatingAndDeletingRetailer_---test script executed successfully-----]]>
  </system-out>
</testsuite> <!-- SCMflex.CreatingAndDeletingRetailer_Test -->
