<?xml version="1.0" encoding="UTF-8"?>
<!-- Generated by org.testng.reporters.JUnitReportReporter -->
<testsuite hostname="DESKTOP-N61B0N0" failures="0" tests="1" name="SCMflex.Manufacturer_should_be_able_to_add_products_Test" time="8.805" errors="0" timestamp="2023-11-29T09:48:45 IST" skipped="0">
  <testcase classname="SCMflex.Manufacturer_should_be_able_to_add_products_Test" name="Manufacturer_should_be_able_to_add_products" time="8.805"/>
  <system-out>
    <![CDATA[Manufacturer_should_be_able_to_add_products----Testscript execution starts from here-----
Manufacturer_should_be_able_to_add_products---test script executed successfully-----]]>
  </system-out>
</testsuite> <!-- SCMflex.Manufacturer_should_be_able_to_add_products_Test -->
